{"level":"info","message":"Starting Clients","timestamp":"2017-05-22T06:06:51.855Z"}
{"level":"info","message":"Client: getting initial data","timestamp":"2017-05-22T06:06:55.509Z"}
{"level":"info","message":"Client: loading data","timestamp":"2017-05-22T06:06:55.525Z"}
{"level":"info","message":"Client: starting parameters","timestamp":"2017-05-22T06:06:55.525Z"}
{"level":"info","message":"Client: getting initial data","timestamp":"2017-05-22T06:06:59.082Z"}
{"level":"info","message":"Client: data load complete!","timestamp":"2017-05-22T06:06:59.086Z"}
{"level":"info","message":"Client: values are the same: 0","timestamp":"2017-05-22T06:07:04.695Z"}
{"level":"info","message":"Client: values are the same: 0","timestamp":"2017-05-22T06:07:09.703Z"}
{"level":"info","message":"Client: values are the same: 0","timestamp":"2017-05-22T06:07:16.328Z"}
{"level":"info","message":"Client: values are the same: 0","timestamp":"2017-05-22T06:07:21.333Z"}
{"level":"info","message":"Client: values are the same: 0","timestamp":"2017-05-22T06:07:26.340Z"}
{"level":"info","message":"Client: values are the same: 0","timestamp":"2017-05-22T06:07:31.350Z"}
{"level":"info","message":"Client: values are the same: 0","timestamp":"2017-05-22T06:07:36.356Z"}
{"level":"info","message":"Client: values are the same: 0","timestamp":"2017-05-22T06:07:41.362Z"}
{"level":"info","message":"Client: values are the same: 0","timestamp":"2017-05-22T06:07:46.369Z"}
{"level":"info","message":"Client: values are the same: 0","timestamp":"2017-05-22T06:07:51.375Z"}
{"level":"info","message":"Client: values are the same: 0","timestamp":"2017-05-22T06:07:56.397Z"}
{"level":"info","message":"Client: values are the same: 0","timestamp":"2017-05-22T06:08:01.407Z"}
{"level":"info","message":"Client: values are the same: 0","timestamp":"2017-05-22T06:08:06.436Z"}
{"level":"info","message":"Client: values are the same: 0","timestamp":"2017-05-22T06:08:11.540Z"}
{"level":"info","message":"Client: values are the same: 0","timestamp":"2017-05-22T06:08:16.573Z"}
{"level":"info","message":"Client: values are the same: 0","timestamp":"2017-05-22T06:08:21.583Z"}
{"level":"info","message":"Client: values are the same: 0","timestamp":"2017-05-22T06:08:26.625Z"}
{"level":"info","message":"Client: values are the same: 0","timestamp":"2017-05-22T06:08:32.237Z"}
{"level":"info","message":"Client: values are the same: 0","timestamp":"2017-05-22T06:08:37.245Z"}
{"level":"info","message":"Client: values are the same: 0","timestamp":"2017-05-22T06:08:42.299Z"}
{"level":"info","message":"Client: values are the same: 0","timestamp":"2017-05-22T06:08:47.303Z"}
{"level":"info","message":"Client: values are the same: 0","timestamp":"2017-05-22T06:08:52.305Z"}
{"level":"info","message":"Client: values are the same: 0","timestamp":"2017-05-22T06:08:57.310Z"}
{"level":"info","message":"Client: values are the same: 0","timestamp":"2017-05-22T06:09:02.314Z"}
{"level":"info","message":"Client: values are the same: 0","timestamp":"2017-05-22T06:09:07.318Z"}
{"level":"info","message":"Client: values are the same: 0","timestamp":"2017-05-22T06:09:12.363Z"}
{"level":"info","message":"Client: values are the same: 0","timestamp":"2017-05-22T06:09:17.371Z"}
{"level":"info","message":"Client: values are the same: 0","timestamp":"2017-05-22T06:09:22.377Z"}
{"level":"info","message":"Client: values are the same: 0","timestamp":"2017-05-22T06:09:27.384Z"}
{"level":"info","message":"Client: values are the same: 0","timestamp":"2017-05-22T06:09:32.386Z"}
{"level":"info","message":"Client: values are the same: 0","timestamp":"2017-05-22T06:09:37.388Z"}
{"level":"info","message":"Client: values are the same: 0","timestamp":"2017-05-22T06:09:42.395Z"}
{"level":"info","message":"Client: values are the same: 0","timestamp":"2017-05-22T06:09:47.403Z"}
{"level":"info","message":"Client: values are the same: 0","timestamp":"2017-05-22T06:09:52.411Z"}
{"level":"info","message":"Client: values are the same: 0","timestamp":"2017-05-22T06:09:57.497Z"}
{"level":"info","message":"Client: values are the same: 0","timestamp":"2017-05-22T06:10:02.506Z"}
{"level":"info","message":"Client: values are the same: 0","timestamp":"2017-05-22T06:10:07.509Z"}
{"level":"info","message":"Client: values are the same: 0","timestamp":"2017-05-22T06:10:12.515Z"}
{"level":"info","message":"Client: values are the same: 0","timestamp":"2017-05-22T06:10:17.710Z"}
{"level":"info","message":"Client: values are the same: 0","timestamp":"2017-05-22T06:10:22.750Z"}
{"level":"info","message":"Client: values are the same: 0","timestamp":"2017-05-22T06:10:27.769Z"}
{"level":"info","message":"Client: values are the same: 0","timestamp":"2017-05-22T06:10:32.771Z"}
{"level":"info","message":"Client: values are the same: 0","timestamp":"2017-05-22T06:10:37.785Z"}
{"level":"info","message":"Client: values are the same: 0","timestamp":"2017-05-22T06:10:42.787Z"}
{"level":"info","message":"Client: values are the same: 0","timestamp":"2017-05-22T06:10:47.798Z"}
{"level":"info","message":"Client: values are the same: 0","timestamp":"2017-05-22T06:10:52.809Z"}
{"level":"info","message":"Client: values are the same: 0","timestamp":"2017-05-22T06:10:57.833Z"}
{"level":"info","message":"Client: values are the same: 0","timestamp":"2017-05-22T06:11:02.837Z"}
{"level":"info","message":"Client: values are the same: 0","timestamp":"2017-05-22T06:11:07.840Z"}
{"level":"info","message":"Client: values are the same: 0","timestamp":"2017-05-22T06:11:12.845Z"}
{"level":"info","message":"Client: values are the same: 0","timestamp":"2017-05-22T06:11:17.853Z"}
{"level":"info","message":"Client: values are the same: 0","timestamp":"2017-05-22T06:11:22.858Z"}
{"level":"info","message":"Client: values are the same: 0","timestamp":"2017-05-22T06:11:27.864Z"}
{"level":"info","message":"Client: values are the same: 0","timestamp":"2017-05-22T06:11:32.871Z"}
{"level":"info","message":"Client: values are the same: 0","timestamp":"2017-05-22T06:11:37.878Z"}
{"level":"info","message":"Client: values are the same: 0","timestamp":"2017-05-22T06:11:42.894Z"}
{"level":"info","message":"Client: values are the same: 0","timestamp":"2017-05-22T06:11:47.901Z"}
{"level":"info","message":"Client: values are the same: 0","timestamp":"2017-05-22T06:11:52.908Z"}
{"level":"info","message":"Client: values are the same: 0","timestamp":"2017-05-22T06:11:57.917Z"}
{"level":"info","message":"Client: values are the same: 0","timestamp":"2017-05-22T06:12:02.922Z"}
{"level":"info","message":"Client: values are the same: 0","timestamp":"2017-05-22T06:12:07.927Z"}
{"level":"info","message":"Client: values are the same: 0","timestamp":"2017-05-22T06:12:12.939Z"}
{"level":"info","message":"Client: values are the same: 0","timestamp":"2017-05-22T06:12:17.943Z"}
{"level":"info","message":"Client: values are the same: 0","timestamp":"2017-05-22T06:12:22.948Z"}
{"level":"info","message":"Client: values are the same: 0","timestamp":"2017-05-22T06:12:27.965Z"}
{"level":"info","message":"Client: values are the same: 0","timestamp":"2017-05-22T06:12:32.971Z"}
{"level":"info","message":"Client: values are the same: 0","timestamp":"2017-05-22T06:12:37.980Z"}
{"level":"info","message":"Client: values are the same: 0","timestamp":"2017-05-22T06:12:42.991Z"}
{"level":"info","message":"Client: values are the same: 0","timestamp":"2017-05-22T06:12:47.994Z"}
{"level":"info","message":"Client: values are the same: 0","timestamp":"2017-05-22T06:12:53.002Z"}
{"level":"info","message":"Client: values are the same: 0","timestamp":"2017-05-22T06:12:58.005Z"}
{"level":"info","message":"Client: values are the same: 0","timestamp":"2017-05-22T06:13:03.012Z"}
{"level":"info","message":"Client: values are the same: 0","timestamp":"2017-05-22T06:13:08.022Z"}
{"level":"info","message":"Client: values are the same: 0","timestamp":"2017-05-22T06:13:13.039Z"}
{"level":"info","message":"Client: values are the same: 0","timestamp":"2017-05-22T06:13:18.045Z"}
{"level":"info","message":"Client: values are the same: 0","timestamp":"2017-05-22T06:13:23.061Z"}
{"level":"info","message":"Client: values are the same: 0","timestamp":"2017-05-22T06:13:28.066Z"}
{"level":"info","message":"Client: values are the same: 0","timestamp":"2017-05-22T06:13:33.076Z"}
{"level":"info","message":"Client: values are the same: 0","timestamp":"2017-05-22T06:13:38.080Z"}
{"level":"info","message":"Client: values are the same: 0","timestamp":"2017-05-22T06:13:43.085Z"}
{"level":"info","message":"Client: values are the same: 0","timestamp":"2017-05-22T06:13:48.097Z"}
{"level":"info","message":"Client: values are the same: 0","timestamp":"2017-05-22T06:13:53.098Z"}
{"level":"info","message":"Client: values are the same: 0","timestamp":"2017-05-22T06:13:58.111Z"}
{"level":"info","message":"Client: values are the same: 0","timestamp":"2017-05-22T06:14:03.122Z"}
{"level":"info","message":"Client: values are the same: 0","timestamp":"2017-05-22T06:14:08.131Z"}
{"level":"info","message":"Client: values are the same: 0","timestamp":"2017-05-22T06:14:13.139Z"}
{"level":"info","message":"Client: values are the same: 0","timestamp":"2017-05-22T06:14:18.147Z"}
{"level":"info","message":"Client: values are the same: 0","timestamp":"2017-05-22T06:14:23.158Z"}
{"level":"info","message":"Client: values are the same: 0","timestamp":"2017-05-22T06:14:28.160Z"}
{"level":"info","message":"Client: values are the same: 0","timestamp":"2017-05-22T06:14:33.178Z"}
{"level":"info","message":"Client: values are the same: 0","timestamp":"2017-05-22T06:14:38.181Z"}
{"level":"info","message":"Client: values are the same: 0","timestamp":"2017-05-22T06:14:43.188Z"}
{"level":"info","message":"Client: values are the same: 0","timestamp":"2017-05-22T06:14:48.194Z"}
{"level":"info","message":"Client: values are the same: 0","timestamp":"2017-05-22T06:14:53.202Z"}
{"level":"info","message":"Client: values are the same: 0","timestamp":"2017-05-22T06:14:58.217Z"}
{"level":"info","message":"Client: values are the same: 0","timestamp":"2017-05-22T06:15:03.222Z"}
{"level":"info","message":"Client: values are the same: 0","timestamp":"2017-05-22T06:15:08.230Z"}
{"level":"info","message":"Client: values are the same: 0","timestamp":"2017-05-22T06:15:13.239Z"}
{"level":"info","message":"Client: values are the same: 0","timestamp":"2017-05-22T06:15:18.248Z"}
{"level":"info","message":"Client: values are the same: 0","timestamp":"2017-05-22T06:15:23.255Z"}
{"level":"info","message":"Client: values are the same: 0","timestamp":"2017-05-22T06:15:28.266Z"}
{"level":"info","message":"Client: values are the same: 0","timestamp":"2017-05-22T06:15:33.273Z"}
{"level":"info","message":"Client: values are the same: 0","timestamp":"2017-05-22T06:15:38.281Z"}
{"level":"info","message":"Client: values are the same: 0","timestamp":"2017-05-22T06:15:43.289Z"}
{"level":"info","message":"Client: values are the same: 0","timestamp":"2017-05-22T06:15:48.294Z"}
{"level":"info","message":"Client: values are the same: 0","timestamp":"2017-05-22T06:15:53.302Z"}
{"level":"info","message":"Client: values are the same: 0","timestamp":"2017-05-22T06:15:58.323Z"}
{"level":"info","message":"Client: values are the same: 0","timestamp":"2017-05-22T06:16:03.329Z"}
{"level":"info","message":"Client: values are the same: 0","timestamp":"2017-05-22T06:16:08.332Z"}
{"level":"info","message":"Client: values are the same: 0","timestamp":"2017-05-22T06:16:13.337Z"}
{"level":"info","message":"Client: values are the same: 0","timestamp":"2017-05-22T06:16:18.345Z"}
{"level":"info","message":"Client: values are the same: 0","timestamp":"2017-05-22T06:16:23.350Z"}
{"level":"info","message":"Client: values are the same: 0","timestamp":"2017-05-22T06:16:28.358Z"}
{"level":"info","message":"Client: values are the same: 0","timestamp":"2017-05-22T06:16:33.363Z"}
{"level":"info","message":"Client: values are the same: 0","timestamp":"2017-05-22T06:16:38.370Z"}
{"level":"info","message":"Client: values are the same: 0","timestamp":"2017-05-22T06:16:43.382Z"}
{"level":"info","message":"Client: values are the same: 0","timestamp":"2017-05-22T06:16:48.396Z"}
{"level":"info","message":"Client: values are the same: 0","timestamp":"2017-05-22T06:16:53.402Z"}
{"level":"info","message":"Client: values are the same: 0","timestamp":"2017-05-22T06:16:58.406Z"}
{"level":"info","message":"Client: values are the same: 0","timestamp":"2017-05-22T06:17:03.411Z"}
{"level":"info","message":"Client: values are the same: 0","timestamp":"2017-05-22T06:17:08.415Z"}
{"level":"info","message":"Client: values are the same: 0","timestamp":"2017-05-22T06:17:13.426Z"}
{"level":"info","message":"Client: values are the same: 0","timestamp":"2017-05-22T06:17:18.437Z"}
{"level":"info","message":"Client: values are the same: 0","timestamp":"2017-05-22T06:17:23.446Z"}
{"level":"info","message":"Client: values are the same: 0","timestamp":"2017-05-22T06:17:28.450Z"}
{"level":"info","message":"Client: values are the same: 0","timestamp":"2017-05-22T06:17:33.453Z"}
{"level":"info","message":"Client: values are the same: 0","timestamp":"2017-05-22T06:17:38.462Z"}
{"level":"info","message":"Client: values are the same: 0","timestamp":"2017-05-22T06:17:43.472Z"}
{"level":"info","message":"Client: values are the same: 0","timestamp":"2017-05-22T06:17:48.478Z"}
{"level":"info","message":"Client: values are the same: 0","timestamp":"2017-05-22T06:17:53.485Z"}
{"level":"info","message":"Client: values are the same: 0","timestamp":"2017-05-22T06:17:58.491Z"}
{"level":"info","message":"Client: values are the same: 0","timestamp":"2017-05-22T06:18:03.495Z"}
{"level":"info","message":"Client: values are the same: 0","timestamp":"2017-05-22T06:18:08.504Z"}
{"level":"info","message":"Client: values are the same: 0","timestamp":"2017-05-22T06:18:13.513Z"}
{"level":"info","message":"Client: values are the same: 0","timestamp":"2017-05-22T06:18:18.523Z"}
{"level":"info","message":"Client: values are the same: 0","timestamp":"2017-05-22T06:18:23.532Z"}
{"level":"info","message":"Client: values are the same: 0","timestamp":"2017-05-22T06:18:28.538Z"}
{"level":"info","message":"Client: values are the same: 0","timestamp":"2017-05-22T06:18:33.552Z"}
{"level":"info","message":"Client: values are the same: 0","timestamp":"2017-05-22T06:18:38.555Z"}
{"level":"info","message":"Client: values are the same: 0","timestamp":"2017-05-22T06:18:43.566Z"}
{"level":"info","message":"Client: values are the same: 0","timestamp":"2017-05-22T06:18:48.569Z"}
{"level":"info","message":"Client: values are the same: 0","timestamp":"2017-05-22T06:18:53.577Z"}
{"level":"info","message":"Client: values are the same: 0","timestamp":"2017-05-22T06:18:58.583Z"}
{"level":"info","message":"Client: values are the same: 0","timestamp":"2017-05-22T06:19:03.609Z"}
{"level":"info","message":"Client: values are the same: 0","timestamp":"2017-05-22T06:19:08.613Z"}
{"level":"info","message":"Client: values are the same: 0","timestamp":"2017-05-22T06:19:13.628Z"}
{"level":"info","message":"Client: values are the same: 0","timestamp":"2017-05-22T06:19:18.634Z"}
{"level":"info","message":"Client: values are the same: 0","timestamp":"2017-05-22T06:19:23.645Z"}
{"level":"info","message":"Client: values are the same: 0","timestamp":"2017-05-22T06:19:29.871Z"}
{"level":"info","message":"Client: values are the same: 0","timestamp":"2017-05-22T06:19:36.022Z"}
{"level":"info","message":"Client: values are the same: 0","timestamp":"2017-05-22T06:19:41.029Z"}
{"level":"info","message":"Client: values are the same: 0","timestamp":"2017-05-22T06:19:46.035Z"}
{"level":"info","message":"Client: values are the same: 0","timestamp":"2017-05-22T06:19:51.042Z"}
{"level":"info","message":"Client: values are the same: 0","timestamp":"2017-05-22T06:19:56.053Z"}
{"level":"info","message":"Client: values are the same: 0","timestamp":"2017-05-22T06:20:01.055Z"}
{"level":"info","message":"Client: values are the same: 0","timestamp":"2017-05-22T06:20:06.061Z"}
{"level":"info","message":"Client: values are the same: 0","timestamp":"2017-05-22T06:20:11.071Z"}
{"level":"info","message":"Client: values are the same: 0","timestamp":"2017-05-22T06:20:16.077Z"}
{"level":"info","message":"Client: values are the same: 0","timestamp":"2017-05-22T06:20:21.085Z"}
{"level":"info","message":"Client: values are the same: 0","timestamp":"2017-05-22T06:20:26.090Z"}
{"level":"info","message":"Client: values are the same: 0","timestamp":"2017-05-22T06:20:31.094Z"}
{"level":"info","message":"Client: values are the same: 0","timestamp":"2017-05-22T06:20:36.098Z"}
{"level":"info","message":"Client: values are the same: 0","timestamp":"2017-05-22T06:20:41.109Z"}
{"level":"info","message":"Client: values are the same: 0","timestamp":"2017-05-22T06:20:46.123Z"}
{"level":"info","message":"Client: values are the same: 0","timestamp":"2017-05-22T06:20:51.133Z"}
{"level":"info","message":"Client: values are the same: 0","timestamp":"2017-05-22T06:20:56.138Z"}
{"level":"info","message":"Client: values are the same: 0","timestamp":"2017-05-22T06:21:01.148Z"}
{"level":"info","message":"Client: values are the same: 0","timestamp":"2017-05-22T06:21:06.150Z"}
{"level":"info","message":"Client: values are the same: 0","timestamp":"2017-05-22T06:21:11.154Z"}
{"level":"info","message":"Client: values are the same: 0","timestamp":"2017-05-22T06:21:16.172Z"}
{"level":"info","message":"Client: values are the same: 0","timestamp":"2017-05-22T06:21:21.478Z"}
{"level":"info","message":"Client: values are the same: 0","timestamp":"2017-05-22T06:21:26.484Z"}
{"level":"info","message":"Client: values are the same: 0","timestamp":"2017-05-22T06:21:31.489Z"}
{"level":"info","message":"Client: values are the same: 0","timestamp":"2017-05-22T06:21:36.491Z"}
{"level":"info","message":"Client: values are the same: 0","timestamp":"2017-05-22T06:21:41.495Z"}
{"level":"info","message":"Client: values are the same: 0","timestamp":"2017-05-22T06:21:46.501Z"}
{"level":"info","message":"Client: values are the same: 0","timestamp":"2017-05-22T06:21:51.504Z"}
{"level":"info","message":"Client: values are the same: 0","timestamp":"2017-05-22T06:21:56.507Z"}
{"level":"info","message":"Client: values are the same: 0","timestamp":"2017-05-22T06:22:01.513Z"}
{"level":"info","message":"Client: values are the same: 0","timestamp":"2017-05-22T06:22:06.515Z"}
{"level":"info","message":"Client: values are the same: 0","timestamp":"2017-05-22T06:22:11.521Z"}
{"level":"info","message":"Client: values are the same: 0","timestamp":"2017-05-22T06:22:16.680Z"}
{"level":"info","message":"Client: values are the same: 0","timestamp":"2017-05-22T06:22:21.687Z"}
{"level":"info","message":"Client: values are the same: 0","timestamp":"2017-05-22T06:22:26.697Z"}
{"level":"info","message":"Client: values are the same: 0","timestamp":"2017-05-22T06:22:31.703Z"}
{"level":"info","message":"Client: values are the same: 0","timestamp":"2017-05-22T06:22:36.711Z"}
{"level":"info","message":"Client: values are the same: 0","timestamp":"2017-05-22T06:22:41.720Z"}
{"level":"info","message":"Client: values are the same: 0","timestamp":"2017-05-22T06:22:46.723Z"}
{"level":"info","message":"Client: values are the same: 0","timestamp":"2017-05-22T06:22:51.731Z"}
{"level":"info","message":"Client: values are the same: 0","timestamp":"2017-05-22T06:22:56.738Z"}
{"level":"info","message":"Client: values are the same: 0","timestamp":"2017-05-22T06:23:01.747Z"}
{"level":"info","message":"Client: values are the same: 0","timestamp":"2017-05-22T06:23:06.754Z"}
{"level":"info","message":"Client: values are the same: 0","timestamp":"2017-05-22T06:23:11.759Z"}
{"level":"info","message":"Client: values are the same: 0","timestamp":"2017-05-22T06:23:16.768Z"}
{"level":"info","message":"Client: values are the same: 0","timestamp":"2017-05-22T06:23:21.789Z"}
{"level":"info","message":"Client: values are the same: 0","timestamp":"2017-05-22T06:23:26.859Z"}
{"level":"info","message":"Client: values are the same: 0","timestamp":"2017-05-22T06:23:31.865Z"}
{"level":"info","message":"Client: values are the same: 0","timestamp":"2017-05-22T06:23:36.872Z"}
{"level":"info","message":"Client: values are the same: 0","timestamp":"2017-05-22T06:23:41.874Z"}
{"level":"info","message":"Client: values are the same: 0","timestamp":"2017-05-22T06:23:46.885Z"}
{"level":"info","message":"Client: values are the same: 0","timestamp":"2017-05-22T06:23:51.892Z"}
{"level":"info","message":"Client: values are the same: 0","timestamp":"2017-05-22T06:23:56.896Z"}
{"level":"info","message":"Client: values are the same: 0","timestamp":"2017-05-22T06:24:01.901Z"}
{"level":"info","message":"Client: values are the same: 0","timestamp":"2017-05-22T06:24:06.908Z"}
{"level":"info","message":"Client: values are the same: 0","timestamp":"2017-05-22T06:24:11.914Z"}
{"level":"info","message":"Client: values are the same: 0","timestamp":"2017-05-22T06:24:16.919Z"}
{"level":"info","message":"Client: values are the same: 0","timestamp":"2017-05-22T06:24:21.923Z"}
{"level":"info","message":"Client: values are the same: 0","timestamp":"2017-05-22T06:24:26.929Z"}
{"level":"info","message":"Client: values are the same: 0","timestamp":"2017-05-22T06:24:31.935Z"}
{"level":"info","message":"Client: values are the same: 0","timestamp":"2017-05-22T06:24:36.940Z"}
{"level":"info","message":"Client: values are the same: 0","timestamp":"2017-05-22T06:24:41.946Z"}
{"level":"info","message":"Client: values are the same: 0","timestamp":"2017-05-22T06:24:46.948Z"}
{"level":"info","message":"Client: values are the same: 0","timestamp":"2017-05-22T06:24:51.952Z"}
{"level":"info","message":"Client: values are the same: 0","timestamp":"2017-05-22T06:24:56.959Z"}
{"level":"info","message":"Client: values are the same: 0","timestamp":"2017-05-22T06:25:01.961Z"}
{"level":"info","message":"Client: values are the same: 0","timestamp":"2017-05-22T06:25:06.965Z"}
{"level":"info","message":"Client: values are the same: 0","timestamp":"2017-05-22T06:25:11.968Z"}
{"level":"info","message":"Client: values are the same: 0","timestamp":"2017-05-22T06:25:16.971Z"}
{"level":"info","message":"Client: values are the same: 0","timestamp":"2017-05-22T06:25:21.973Z"}
{"level":"info","message":"Client: values are the same: 0","timestamp":"2017-05-22T06:25:26.976Z"}
{"level":"info","message":"Client: values are the same: 0","timestamp":"2017-05-22T06:25:31.981Z"}
{"level":"info","message":"Client: values are the same: 0","timestamp":"2017-05-22T06:25:36.989Z"}
{"level":"info","message":"Client: values are the same: 0","timestamp":"2017-05-22T06:25:42.001Z"}
{"level":"info","message":"Client: values are the same: 0","timestamp":"2017-05-22T06:25:47.008Z"}
{"level":"info","message":"Client: values are the same: 0","timestamp":"2017-05-22T06:25:52.025Z"}
{"level":"info","message":"Client: values are the same: 0","timestamp":"2017-05-22T06:25:57.031Z"}
{"level":"info","message":"Client: values are the same: 0","timestamp":"2017-05-22T06:26:02.034Z"}
{"level":"info","message":"Client: values are the same: 0","timestamp":"2017-05-22T06:26:07.041Z"}
{"level":"info","message":"Client: values are the same: 0","timestamp":"2017-05-22T06:26:12.047Z"}
{"level":"info","message":"Client: values are the same: 0","timestamp":"2017-05-22T06:26:17.058Z"}
{"level":"info","message":"Client: values are the same: 0","timestamp":"2017-05-22T06:26:22.063Z"}
{"level":"info","message":"Client: values are the same: 0","timestamp":"2017-05-22T06:26:27.070Z"}
{"level":"info","message":"Client: values are the same: 0","timestamp":"2017-05-22T06:26:32.076Z"}
{"level":"info","message":"Client: values are the same: 0","timestamp":"2017-05-22T06:26:37.083Z"}
{"level":"info","message":"Client: values are the same: 0","timestamp":"2017-05-22T06:26:42.107Z"}
{"level":"info","message":"Client: values are the same: 0","timestamp":"2017-05-22T06:26:47.109Z"}
{"level":"info","message":"Client: values are the same: 0","timestamp":"2017-05-22T06:26:52.115Z"}
{"level":"info","message":"Starting Clients","timestamp":"2017-05-22T06:27:09.292Z"}
{"level":"info","message":"Client: getting initial data","timestamp":"2017-05-22T06:27:11.341Z"}
{"level":"info","message":"Client: loading data","timestamp":"2017-05-22T06:27:11.354Z"}
{"level":"info","message":"Client: starting parameters","timestamp":"2017-05-22T06:27:11.354Z"}
{"level":"info","message":"Client: getting initial data","timestamp":"2017-05-22T06:27:14.876Z"}
{"level":"info","message":"Starting Clients","timestamp":"2017-05-22T06:27:29.967Z"}
{"level":"info","message":"Client: getting initial data","timestamp":"2017-05-22T06:27:31.790Z"}
{"level":"info","message":"Client: loading data","timestamp":"2017-05-22T06:27:31.802Z"}
{"level":"info","message":"Client: starting parameters","timestamp":"2017-05-22T06:27:31.802Z"}
{"level":"info","message":"Client: getting initial data","timestamp":"2017-05-22T06:27:32.843Z"}
{"level":"info","message":"Starting Clients","timestamp":"2017-05-22T06:27:39.733Z"}
{"level":"info","message":"Client: getting initial data","timestamp":"2017-05-22T06:27:40.736Z"}
{"level":"info","message":"Client: loading data","timestamp":"2017-05-22T06:27:40.746Z"}
{"level":"info","message":"Client: starting parameters","timestamp":"2017-05-22T06:27:40.746Z"}
{"level":"info","message":"Client: getting initial data","timestamp":"2017-05-22T06:27:41.943Z"}
{"level":"info","message":"Client: loading data","timestamp":"2017-05-22T06:27:41.945Z"}
{"level":"info","message":"Client: starting parameters","timestamp":"2017-05-22T06:27:41.945Z"}
